<?xml version="1.0" encoding="UTF-8"?>
<testng-results ignored="0" total="2" passed="2" failed="0" skipped="0">
  <reporter-output>
  </reporter-output>
  <suite started-at="2024-10-15T11:13:07 SAST" name="Default suite" finished-at="2024-10-15T11:13:09 SAST" duration-ms="2148">
    <groups>
    </groups>
    <test started-at="2024-10-15T11:13:07 SAST" name="Default test" finished-at="2024-10-15T11:13:09 SAST" duration-ms="2148">
      <class name="currentWeatherForcast.JsonServerRequest">
        <test-method signature="test_1()[pri:0, instance:currentWeatherForcast.JsonServerRequest@4d154ccd]" started-at="2024-10-15T11:13:07 SAST" name="test_1" finished-at="2024-10-15T11:13:08 SAST" duration-ms="1647" status="PASS">
          <reporter-output>
          </reporter-output>
        </test-method> <!-- test_1 -->
        <test-method signature="test_4()[pri:0, instance:currentWeatherForcast.JsonServerRequest@4d154ccd]" started-at="2024-10-15T11:13:08 SAST" name="test_4" finished-at="2024-10-15T11:13:09 SAST" duration-ms="451" status="PASS">
          <reporter-output>
          </reporter-output>
        </test-method> <!-- test_4 -->
      </class> <!-- currentWeatherForcast.JsonServerRequest -->
    </test> <!-- Default test -->
  </suite> <!-- Default suite -->
</testng-results>
